[2025-08-20T21:14:25.774+0000] {taskinstance.py:1979} INFO - Dependencies all met for dep_context=non-requeueable deps ti=<TaskInstance: fraud_detection_pipeline.load_labeled_transactions_raw manual__2025-08-20T21:14:06.011596+00:00 [queued]>
[2025-08-20T21:14:25.979+0000] {taskinstance.py:1979} INFO - Dependencies all met for dep_context=requeueable deps ti=<TaskInstance: fraud_detection_pipeline.load_labeled_transactions_raw manual__2025-08-20T21:14:06.011596+00:00 [queued]>
[2025-08-20T21:14:25.979+0000] {taskinstance.py:2193} INFO - Starting attempt 1 of 1
[2025-08-20T21:14:26.000+0000] {taskinstance.py:2214} INFO - Executing <Task(AirbyteTriggerSyncOperator): load_labeled_transactions_raw> on 2025-08-20 21:14:06.011596+00:00
[2025-08-20T21:14:26.009+0000] {standard_task_runner.py:60} INFO - Started process 1242 to run task
[2025-08-20T21:14:26.013+0000] {standard_task_runner.py:87} INFO - Running: ['airflow', 'tasks', 'run', 'fraud_detection_pipeline', 'load_labeled_transactions_raw', 'manual__2025-08-20T21:14:06.011596+00:00', '--job-id', '109', '--raw', '--subdir', 'DAGS_FOLDER/fraud_detection_pipeline.py', '--cfg-path', '/tmp/tmpxp05dr8c']
[2025-08-20T21:14:26.016+0000] {standard_task_runner.py:88} INFO - Job 109: Subtask load_labeled_transactions_raw
[2025-08-20T21:14:26.092+0000] {task_command.py:423} INFO - Running <TaskInstance: fraud_detection_pipeline.load_labeled_transactions_raw manual__2025-08-20T21:14:06.011596+00:00 [running]> on host f3fd0a28023e
[2025-08-20T21:14:26.229+0000] {taskinstance.py:2510} INFO - Exporting env vars: AIRFLOW_CTX_DAG_OWNER='airflow' AIRFLOW_CTX_DAG_ID='fraud_detection_pipeline' AIRFLOW_CTX_TASK_ID='load_labeled_transactions_raw' AIRFLOW_CTX_EXECUTION_DATE='2025-08-20T21:14:06.011596+00:00' AIRFLOW_CTX_TRY_NUMBER='1' AIRFLOW_CTX_DAG_RUN_ID='manual__2025-08-20T21:14:06.011596+00:00'
[2025-08-20T21:14:26.247+0000] {base.py:83} INFO - Using connection ID 'airbyte' for task execution.
[2025-08-20T21:14:26.714+0000] {airbyte.py:86} INFO - Job 50 was submitted to Airbyte Server
[2025-08-20T21:14:26.715+0000] {airbyte.py:88} INFO - Waiting for job 50 to complete
[2025-08-20T21:14:29.729+0000] {base.py:83} INFO - Using connection ID 'airbyte' for task execution.
[2025-08-20T21:14:32.765+0000] {base.py:83} INFO - Using connection ID 'airbyte' for task execution.
[2025-08-20T21:14:35.795+0000] {base.py:83} INFO - Using connection ID 'airbyte' for task execution.
[2025-08-20T21:14:38.838+0000] {base.py:83} INFO - Using connection ID 'airbyte' for task execution.
[2025-08-20T21:14:41.892+0000] {base.py:83} INFO - Using connection ID 'airbyte' for task execution.
[2025-08-20T21:14:44.954+0000] {base.py:83} INFO - Using connection ID 'airbyte' for task execution.
[2025-08-20T21:14:48.017+0000] {base.py:83} INFO - Using connection ID 'airbyte' for task execution.
[2025-08-20T21:14:51.063+0000] {base.py:83} INFO - Using connection ID 'airbyte' for task execution.
[2025-08-20T21:14:54.096+0000] {base.py:83} INFO - Using connection ID 'airbyte' for task execution.
[2025-08-20T21:14:57.126+0000] {base.py:83} INFO - Using connection ID 'airbyte' for task execution.
[2025-08-20T21:15:00.171+0000] {base.py:83} INFO - Using connection ID 'airbyte' for task execution.
[2025-08-20T21:15:03.230+0000] {base.py:83} INFO - Using connection ID 'airbyte' for task execution.
[2025-08-20T21:15:06.285+0000] {base.py:83} INFO - Using connection ID 'airbyte' for task execution.
[2025-08-20T21:15:09.329+0000] {base.py:83} INFO - Using connection ID 'airbyte' for task execution.
[2025-08-20T21:15:12.373+0000] {base.py:83} INFO - Using connection ID 'airbyte' for task execution.
[2025-08-20T21:15:15.418+0000] {base.py:83} INFO - Using connection ID 'airbyte' for task execution.
[2025-08-20T21:15:15.436+0000] {airbyte.py:112} INFO - Job 50 completed successfully
[2025-08-20T21:15:15.483+0000] {taskinstance.py:1149} INFO - Marking task as SUCCESS. dag_id=fraud_detection_pipeline, task_id=load_labeled_transactions_raw, execution_date=20250820T211406, start_date=20250820T211425, end_date=20250820T211515
[2025-08-20T21:15:15.524+0000] {local_task_job_runner.py:234} INFO - Task exited with return code 0
[2025-08-20T21:15:15.571+0000] {taskinstance.py:3309} INFO - 1 downstream tasks scheduled from follow-on schedule check
