[2025-08-20T18:01:51.290+0000] {taskinstance.py:1979} INFO - Dependencies all met for dep_context=non-requeueable deps ti=<TaskInstance: fraud_detection_pipeline.write_to_staging manual__2025-08-20T17:56:54.243143+00:00 [queued]>
[2025-08-20T18:01:51.452+0000] {taskinstance.py:1979} INFO - Dependencies all met for dep_context=requeueable deps ti=<TaskInstance: fraud_detection_pipeline.write_to_staging manual__2025-08-20T17:56:54.243143+00:00 [queued]>
[2025-08-20T18:01:51.453+0000] {taskinstance.py:2193} INFO - Starting attempt 1 of 1
[2025-08-20T18:01:51.463+0000] {taskinstance.py:2214} INFO - Executing <Task(AirbyteTriggerSyncOperator): write_to_staging> on 2025-08-20 17:56:54.243143+00:00
[2025-08-20T18:01:51.469+0000] {standard_task_runner.py:60} INFO - Started process 15159 to run task
[2025-08-20T18:01:51.471+0000] {standard_task_runner.py:87} INFO - Running: ['airflow', 'tasks', 'run', 'fraud_detection_pipeline', 'write_to_staging', 'manual__2025-08-20T17:56:54.243143+00:00', '--job-id', '100', '--raw', '--subdir', 'DAGS_FOLDER/fraud_detection_pipeline.py', '--cfg-path', '/tmp/tmpds1eviko']
[2025-08-20T18:01:51.473+0000] {standard_task_runner.py:88} INFO - Job 100: Subtask write_to_staging
[2025-08-20T18:01:51.515+0000] {task_command.py:423} INFO - Running <TaskInstance: fraud_detection_pipeline.write_to_staging manual__2025-08-20T17:56:54.243143+00:00 [running]> on host f3fd0a28023e
[2025-08-20T18:01:51.588+0000] {taskinstance.py:2510} INFO - Exporting env vars: AIRFLOW_CTX_DAG_OWNER='airflow' AIRFLOW_CTX_DAG_ID='fraud_detection_pipeline' AIRFLOW_CTX_TASK_ID='write_to_staging' AIRFLOW_CTX_EXECUTION_DATE='2025-08-20T17:56:54.243143+00:00' AIRFLOW_CTX_TRY_NUMBER='1' AIRFLOW_CTX_DAG_RUN_ID='manual__2025-08-20T17:56:54.243143+00:00'
[2025-08-20T18:01:51.597+0000] {base.py:83} INFO - Using connection ID 'airbyte' for task execution.
[2025-08-20T18:01:54.953+0000] {airbyte.py:86} INFO - Job 46 was submitted to Airbyte Server
[2025-08-20T18:01:54.953+0000] {airbyte.py:88} INFO - Waiting for job 46 to complete
[2025-08-20T18:01:57.968+0000] {base.py:83} INFO - Using connection ID 'airbyte' for task execution.
[2025-08-20T18:02:00.987+0000] {base.py:83} INFO - Using connection ID 'airbyte' for task execution.
[2025-08-20T18:02:04.004+0000] {base.py:83} INFO - Using connection ID 'airbyte' for task execution.
[2025-08-20T18:02:07.021+0000] {base.py:83} INFO - Using connection ID 'airbyte' for task execution.
[2025-08-20T18:02:10.036+0000] {base.py:83} INFO - Using connection ID 'airbyte' for task execution.
[2025-08-20T18:02:13.053+0000] {base.py:83} INFO - Using connection ID 'airbyte' for task execution.
[2025-08-20T18:02:16.071+0000] {base.py:83} INFO - Using connection ID 'airbyte' for task execution.
[2025-08-20T18:02:19.108+0000] {base.py:83} INFO - Using connection ID 'airbyte' for task execution.
[2025-08-20T18:02:22.160+0000] {base.py:83} INFO - Using connection ID 'airbyte' for task execution.
[2025-08-20T18:02:25.202+0000] {base.py:83} INFO - Using connection ID 'airbyte' for task execution.
[2025-08-20T18:02:25.221+0000] {airbyte.py:112} INFO - Job 46 completed successfully
[2025-08-20T18:02:25.262+0000] {taskinstance.py:1149} INFO - Marking task as SUCCESS. dag_id=fraud_detection_pipeline, task_id=write_to_staging, execution_date=20250820T175654, start_date=20250820T180151, end_date=20250820T180225
[2025-08-20T18:02:25.302+0000] {local_task_job_runner.py:234} INFO - Task exited with return code 0
[2025-08-20T18:02:25.330+0000] {taskinstance.py:3309} INFO - 1 downstream tasks scheduled from follow-on schedule check
