[2025-08-05T11:58:31.642+0000] {processor.py:161} INFO - Started process (PID=3422) to work on /opt/airflow/dags/customer_metrics.py
[2025-08-05T11:58:31.642+0000] {processor.py:830} INFO - Processing file /opt/airflow/dags/customer_metrics.py for tasks to queue
[2025-08-05T11:58:31.643+0000] {logging_mixin.py:188} INFO - [2025-08-05T11:58:31.643+0000] {dagbag.py:540} INFO - Filling up the DagBag from /opt/airflow/dags/customer_metrics.py
[2025-08-05T11:58:31.651+0000] {logging_mixin.py:188} INFO - [2025-08-05T11:58:31.648+0000] {dagbag.py:350} ERROR - Failed to import: /opt/airflow/dags/customer_metrics.py
Traceback (most recent call last):
  File "/home/airflow/.local/lib/python3.8/site-packages/airflow/models/dagbag.py", line 346, in parse
    loader.exec_module(new_module)
  File "<frozen importlib._bootstrap_external>", line 843, in exec_module
  File "<frozen importlib._bootstrap>", line 219, in _call_with_frames_removed
  File "/opt/airflow/dags/customer_metrics.py", line 18, in <module>
    customer_metrics()
  File "/home/airflow/.local/lib/python3.8/site-packages/airflow/models/dag.py", line 3955, in factory
    f(**f_kwargs)
  File "/opt/airflow/dags/customer_metrics.py", line 13, in customer_metrics
    load_customer_transaction_raw = AirbyteTriggerSyncOperator(
  File "/home/airflow/.local/lib/python3.8/site-packages/airflow/models/baseoperator.py", line 420, in apply_defaults
    raise AirflowException(f"missing keyword argument {missing_args.pop()!r}")
airflow.exceptions.AirflowException: missing keyword argument 'connection_id'
[2025-08-05T11:58:31.651+0000] {processor.py:842} WARNING - No viable dags retrieved from /opt/airflow/dags/customer_metrics.py
[2025-08-05T11:58:31.676+0000] {processor.py:183} INFO - Processing /opt/airflow/dags/customer_metrics.py took 0.037 seconds
[2025-08-05T11:59:01.913+0000] {processor.py:161} INFO - Started process (PID=3438) to work on /opt/airflow/dags/customer_metrics.py
[2025-08-05T11:59:01.914+0000] {processor.py:830} INFO - Processing file /opt/airflow/dags/customer_metrics.py for tasks to queue
[2025-08-05T11:59:01.915+0000] {logging_mixin.py:188} INFO - [2025-08-05T11:59:01.915+0000] {dagbag.py:540} INFO - Filling up the DagBag from /opt/airflow/dags/customer_metrics.py
[2025-08-05T11:59:01.925+0000] {logging_mixin.py:188} INFO - [2025-08-05T11:59:01.921+0000] {dagbag.py:350} ERROR - Failed to import: /opt/airflow/dags/customer_metrics.py
Traceback (most recent call last):
  File "/home/airflow/.local/lib/python3.8/site-packages/airflow/models/dagbag.py", line 346, in parse
    loader.exec_module(new_module)
  File "<frozen importlib._bootstrap_external>", line 843, in exec_module
  File "<frozen importlib._bootstrap>", line 219, in _call_with_frames_removed
  File "/opt/airflow/dags/customer_metrics.py", line 18, in <module>
    customer_metrics()
  File "/home/airflow/.local/lib/python3.8/site-packages/airflow/models/dag.py", line 3955, in factory
    f(**f_kwargs)
  File "/opt/airflow/dags/customer_metrics.py", line 13, in customer_metrics
    load_customer_transaction_raw = AirbyteTriggerSyncOperator(
  File "/home/airflow/.local/lib/python3.8/site-packages/airflow/models/baseoperator.py", line 420, in apply_defaults
    raise AirflowException(f"missing keyword argument {missing_args.pop()!r}")
airflow.exceptions.AirflowException: missing keyword argument 'connection_id'
[2025-08-05T11:59:01.925+0000] {processor.py:842} WARNING - No viable dags retrieved from /opt/airflow/dags/customer_metrics.py
[2025-08-05T11:59:01.947+0000] {processor.py:183} INFO - Processing /opt/airflow/dags/customer_metrics.py took 0.041 seconds
[2025-08-05T11:59:32.148+0000] {processor.py:161} INFO - Started process (PID=3454) to work on /opt/airflow/dags/customer_metrics.py
[2025-08-05T11:59:32.148+0000] {processor.py:830} INFO - Processing file /opt/airflow/dags/customer_metrics.py for tasks to queue
[2025-08-05T11:59:32.149+0000] {logging_mixin.py:188} INFO - [2025-08-05T11:59:32.149+0000] {dagbag.py:540} INFO - Filling up the DagBag from /opt/airflow/dags/customer_metrics.py
[2025-08-05T11:59:32.157+0000] {logging_mixin.py:188} INFO - [2025-08-05T11:59:32.155+0000] {dagbag.py:350} ERROR - Failed to import: /opt/airflow/dags/customer_metrics.py
Traceback (most recent call last):
  File "/home/airflow/.local/lib/python3.8/site-packages/airflow/models/dagbag.py", line 346, in parse
    loader.exec_module(new_module)
  File "<frozen importlib._bootstrap_external>", line 843, in exec_module
  File "<frozen importlib._bootstrap>", line 219, in _call_with_frames_removed
  File "/opt/airflow/dags/customer_metrics.py", line 18, in <module>
    customer_metrics()
  File "/home/airflow/.local/lib/python3.8/site-packages/airflow/models/dag.py", line 3955, in factory
    f(**f_kwargs)
  File "/opt/airflow/dags/customer_metrics.py", line 13, in customer_metrics
    load_customer_transaction_raw = AirbyteTriggerSyncOperator(
  File "/home/airflow/.local/lib/python3.8/site-packages/airflow/models/baseoperator.py", line 420, in apply_defaults
    raise AirflowException(f"missing keyword argument {missing_args.pop()!r}")
airflow.exceptions.AirflowException: missing keyword argument 'connection_id'
[2025-08-05T11:59:32.157+0000] {processor.py:842} WARNING - No viable dags retrieved from /opt/airflow/dags/customer_metrics.py
[2025-08-05T11:59:32.176+0000] {processor.py:183} INFO - Processing /opt/airflow/dags/customer_metrics.py took 0.032 seconds
[2025-08-05T12:00:02.419+0000] {processor.py:161} INFO - Started process (PID=3470) to work on /opt/airflow/dags/customer_metrics.py
[2025-08-05T12:00:02.421+0000] {processor.py:830} INFO - Processing file /opt/airflow/dags/customer_metrics.py for tasks to queue
[2025-08-05T12:00:02.423+0000] {logging_mixin.py:188} INFO - [2025-08-05T12:00:02.422+0000] {dagbag.py:540} INFO - Filling up the DagBag from /opt/airflow/dags/customer_metrics.py
[2025-08-05T12:00:02.434+0000] {logging_mixin.py:188} INFO - [2025-08-05T12:00:02.431+0000] {dagbag.py:350} ERROR - Failed to import: /opt/airflow/dags/customer_metrics.py
Traceback (most recent call last):
  File "/home/airflow/.local/lib/python3.8/site-packages/airflow/models/dagbag.py", line 346, in parse
    loader.exec_module(new_module)
  File "<frozen importlib._bootstrap_external>", line 843, in exec_module
  File "<frozen importlib._bootstrap>", line 219, in _call_with_frames_removed
  File "/opt/airflow/dags/customer_metrics.py", line 18, in <module>
    customer_metrics()
  File "/home/airflow/.local/lib/python3.8/site-packages/airflow/models/dag.py", line 3955, in factory
    f(**f_kwargs)
  File "/opt/airflow/dags/customer_metrics.py", line 13, in customer_metrics
    load_customer_transaction_raw = AirbyteTriggerSyncOperator(
  File "/home/airflow/.local/lib/python3.8/site-packages/airflow/models/baseoperator.py", line 420, in apply_defaults
    raise AirflowException(f"missing keyword argument {missing_args.pop()!r}")
airflow.exceptions.AirflowException: missing keyword argument 'connection_id'
[2025-08-05T12:00:02.434+0000] {processor.py:842} WARNING - No viable dags retrieved from /opt/airflow/dags/customer_metrics.py
[2025-08-05T12:00:02.458+0000] {processor.py:183} INFO - Processing /opt/airflow/dags/customer_metrics.py took 0.049 seconds
[2025-08-05T12:00:32.669+0000] {processor.py:161} INFO - Started process (PID=3486) to work on /opt/airflow/dags/customer_metrics.py
[2025-08-05T12:00:32.670+0000] {processor.py:830} INFO - Processing file /opt/airflow/dags/customer_metrics.py for tasks to queue
[2025-08-05T12:00:32.671+0000] {logging_mixin.py:188} INFO - [2025-08-05T12:00:32.671+0000] {dagbag.py:540} INFO - Filling up the DagBag from /opt/airflow/dags/customer_metrics.py
[2025-08-05T12:00:32.677+0000] {logging_mixin.py:188} INFO - [2025-08-05T12:00:32.676+0000] {dagbag.py:350} ERROR - Failed to import: /opt/airflow/dags/customer_metrics.py
Traceback (most recent call last):
  File "/home/airflow/.local/lib/python3.8/site-packages/airflow/models/dagbag.py", line 346, in parse
    loader.exec_module(new_module)
  File "<frozen importlib._bootstrap_external>", line 843, in exec_module
  File "<frozen importlib._bootstrap>", line 219, in _call_with_frames_removed
  File "/opt/airflow/dags/customer_metrics.py", line 18, in <module>
    customer_metrics()
  File "/home/airflow/.local/lib/python3.8/site-packages/airflow/models/dag.py", line 3955, in factory
    f(**f_kwargs)
  File "/opt/airflow/dags/customer_metrics.py", line 13, in customer_metrics
    load_customer_transaction_raw = AirbyteTriggerSyncOperator(
  File "/home/airflow/.local/lib/python3.8/site-packages/airflow/models/baseoperator.py", line 420, in apply_defaults
    raise AirflowException(f"missing keyword argument {missing_args.pop()!r}")
airflow.exceptions.AirflowException: missing keyword argument 'connection_id'
[2025-08-05T12:00:32.678+0000] {processor.py:842} WARNING - No viable dags retrieved from /opt/airflow/dags/customer_metrics.py
[2025-08-05T12:00:32.698+0000] {processor.py:183} INFO - Processing /opt/airflow/dags/customer_metrics.py took 0.032 seconds
[2025-08-05T12:00:42.734+0000] {processor.py:161} INFO - Started process (PID=3497) to work on /opt/airflow/dags/customer_metrics.py
[2025-08-05T12:00:42.735+0000] {processor.py:830} INFO - Processing file /opt/airflow/dags/customer_metrics.py for tasks to queue
[2025-08-05T12:00:42.735+0000] {logging_mixin.py:188} INFO - [2025-08-05T12:00:42.735+0000] {dagbag.py:540} INFO - Filling up the DagBag from /opt/airflow/dags/customer_metrics.py
[2025-08-05T12:00:42.743+0000] {logging_mixin.py:188} INFO - [2025-08-05T12:00:42.741+0000] {dagbag.py:350} ERROR - Failed to import: /opt/airflow/dags/customer_metrics.py
Traceback (most recent call last):
  File "/home/airflow/.local/lib/python3.8/site-packages/airflow/models/dagbag.py", line 346, in parse
    loader.exec_module(new_module)
  File "<frozen importlib._bootstrap_external>", line 843, in exec_module
  File "<frozen importlib._bootstrap>", line 219, in _call_with_frames_removed
  File "/opt/airflow/dags/customer_metrics.py", line 21, in <module>
    customer_metrics()
  File "/home/airflow/.local/lib/python3.8/site-packages/airflow/models/dag.py", line 3955, in factory
    f(**f_kwargs)
  File "/opt/airflow/dags/customer_metrics.py", line 16, in customer_metrics
    load_customer_transaction_raw = AirbyteTriggerSyncOperator(
  File "/home/airflow/.local/lib/python3.8/site-packages/airflow/models/baseoperator.py", line 420, in apply_defaults
    raise AirflowException(f"missing keyword argument {missing_args.pop()!r}")
airflow.exceptions.AirflowException: missing keyword argument 'connection_id'
[2025-08-05T12:00:42.743+0000] {processor.py:842} WARNING - No viable dags retrieved from /opt/airflow/dags/customer_metrics.py
[2025-08-05T12:00:42.766+0000] {processor.py:183} INFO - Processing /opt/airflow/dags/customer_metrics.py took 0.036 seconds
[2025-08-05T12:01:13.034+0000] {processor.py:161} INFO - Started process (PID=3513) to work on /opt/airflow/dags/customer_metrics.py
[2025-08-05T12:01:13.037+0000] {processor.py:830} INFO - Processing file /opt/airflow/dags/customer_metrics.py for tasks to queue
[2025-08-05T12:01:13.039+0000] {logging_mixin.py:188} INFO - [2025-08-05T12:01:13.039+0000] {dagbag.py:540} INFO - Filling up the DagBag from /opt/airflow/dags/customer_metrics.py
[2025-08-05T12:01:13.052+0000] {logging_mixin.py:188} INFO - [2025-08-05T12:01:13.049+0000] {dagbag.py:350} ERROR - Failed to import: /opt/airflow/dags/customer_metrics.py
Traceback (most recent call last):
  File "/home/airflow/.local/lib/python3.8/site-packages/airflow/models/dagbag.py", line 346, in parse
    loader.exec_module(new_module)
  File "<frozen importlib._bootstrap_external>", line 843, in exec_module
  File "<frozen importlib._bootstrap>", line 219, in _call_with_frames_removed
  File "/opt/airflow/dags/customer_metrics.py", line 21, in <module>
    customer_metrics()
  File "/home/airflow/.local/lib/python3.8/site-packages/airflow/models/dag.py", line 3955, in factory
    f(**f_kwargs)
  File "/opt/airflow/dags/customer_metrics.py", line 16, in customer_metrics
    load_customer_transaction_raw = AirbyteTriggerSyncOperator(
  File "/home/airflow/.local/lib/python3.8/site-packages/airflow/models/baseoperator.py", line 420, in apply_defaults
    raise AirflowException(f"missing keyword argument {missing_args.pop()!r}")
airflow.exceptions.AirflowException: missing keyword argument 'connection_id'
[2025-08-05T12:01:13.053+0000] {processor.py:842} WARNING - No viable dags retrieved from /opt/airflow/dags/customer_metrics.py
[2025-08-05T12:01:13.075+0000] {processor.py:183} INFO - Processing /opt/airflow/dags/customer_metrics.py took 0.053 seconds
[2025-08-05T12:01:23.190+0000] {processor.py:161} INFO - Started process (PID=3523) to work on /opt/airflow/dags/customer_metrics.py
[2025-08-05T12:01:23.192+0000] {processor.py:830} INFO - Processing file /opt/airflow/dags/customer_metrics.py for tasks to queue
[2025-08-05T12:01:23.193+0000] {logging_mixin.py:188} INFO - [2025-08-05T12:01:23.193+0000] {dagbag.py:540} INFO - Filling up the DagBag from /opt/airflow/dags/customer_metrics.py
[2025-08-05T12:01:23.210+0000] {processor.py:840} INFO - DAG(s) 'customer_metrics' retrieved from /opt/airflow/dags/customer_metrics.py
[2025-08-05T12:01:23.389+0000] {logging_mixin.py:188} INFO - [2025-08-05T12:01:23.388+0000] {override.py:1769} INFO - Created Permission View: can read on DAG:customer_metrics
[2025-08-05T12:01:23.398+0000] {logging_mixin.py:188} INFO - [2025-08-05T12:01:23.398+0000] {override.py:1769} INFO - Created Permission View: can delete on DAG:customer_metrics
[2025-08-05T12:01:23.404+0000] {logging_mixin.py:188} INFO - [2025-08-05T12:01:23.404+0000] {override.py:1769} INFO - Created Permission View: can edit on DAG:customer_metrics
[2025-08-05T12:01:23.404+0000] {logging_mixin.py:188} INFO - [2025-08-05T12:01:23.404+0000] {dag.py:3047} INFO - Sync 1 DAGs
[2025-08-05T12:01:23.416+0000] {logging_mixin.py:188} INFO - [2025-08-05T12:01:23.416+0000] {dag.py:3069} INFO - Creating ORM DAG for customer_metrics
[2025-08-05T12:01:23.427+0000] {logging_mixin.py:188} INFO - [2025-08-05T12:01:23.426+0000] {dag.py:3834} INFO - Setting next_dagrun for customer_metrics to 2025-08-04 00:00:00+00:00, run_after=2025-08-05 00:00:00+00:00
[2025-08-05T12:01:23.449+0000] {processor.py:183} INFO - Processing /opt/airflow/dags/customer_metrics.py took 0.267 seconds
[2025-08-05T12:01:53.667+0000] {processor.py:161} INFO - Started process (PID=3539) to work on /opt/airflow/dags/customer_metrics.py
[2025-08-05T12:01:53.669+0000] {processor.py:830} INFO - Processing file /opt/airflow/dags/customer_metrics.py for tasks to queue
[2025-08-05T12:01:53.671+0000] {logging_mixin.py:188} INFO - [2025-08-05T12:01:53.670+0000] {dagbag.py:540} INFO - Filling up the DagBag from /opt/airflow/dags/customer_metrics.py
[2025-08-05T12:01:53.685+0000] {processor.py:840} INFO - DAG(s) 'customer_metrics' retrieved from /opt/airflow/dags/customer_metrics.py
[2025-08-05T12:01:53.712+0000] {logging_mixin.py:188} INFO - [2025-08-05T12:01:53.712+0000] {dag.py:3047} INFO - Sync 1 DAGs
[2025-08-05T12:01:53.733+0000] {logging_mixin.py:188} INFO - [2025-08-05T12:01:53.732+0000] {dag.py:3834} INFO - Setting next_dagrun for customer_metrics to 2025-08-04 00:00:00+00:00, run_after=2025-08-05 00:00:00+00:00
[2025-08-05T12:01:53.748+0000] {processor.py:183} INFO - Processing /opt/airflow/dags/customer_metrics.py took 0.088 seconds
[2025-08-05T12:02:23.974+0000] {processor.py:161} INFO - Started process (PID=3555) to work on /opt/airflow/dags/customer_metrics.py
[2025-08-05T12:02:23.977+0000] {processor.py:830} INFO - Processing file /opt/airflow/dags/customer_metrics.py for tasks to queue
[2025-08-05T12:02:23.979+0000] {logging_mixin.py:188} INFO - [2025-08-05T12:02:23.978+0000] {dagbag.py:540} INFO - Filling up the DagBag from /opt/airflow/dags/customer_metrics.py
[2025-08-05T12:02:23.992+0000] {processor.py:840} INFO - DAG(s) 'customer_metrics' retrieved from /opt/airflow/dags/customer_metrics.py
[2025-08-05T12:02:24.016+0000] {logging_mixin.py:188} INFO - [2025-08-05T12:02:24.016+0000] {dag.py:3047} INFO - Sync 1 DAGs
[2025-08-05T12:02:24.038+0000] {logging_mixin.py:188} INFO - [2025-08-05T12:02:24.037+0000] {dag.py:3834} INFO - Setting next_dagrun for customer_metrics to 2025-08-04 00:00:00+00:00, run_after=2025-08-05 00:00:00+00:00
[2025-08-05T12:02:24.053+0000] {processor.py:183} INFO - Processing /opt/airflow/dags/customer_metrics.py took 0.089 seconds
[2025-08-05T12:02:54.326+0000] {processor.py:161} INFO - Started process (PID=3571) to work on /opt/airflow/dags/customer_metrics.py
[2025-08-05T12:02:54.327+0000] {processor.py:830} INFO - Processing file /opt/airflow/dags/customer_metrics.py for tasks to queue
[2025-08-05T12:02:54.328+0000] {logging_mixin.py:188} INFO - [2025-08-05T12:02:54.328+0000] {dagbag.py:540} INFO - Filling up the DagBag from /opt/airflow/dags/customer_metrics.py
[2025-08-05T12:02:54.335+0000] {processor.py:840} INFO - DAG(s) 'customer_metrics' retrieved from /opt/airflow/dags/customer_metrics.py
[2025-08-05T12:02:54.357+0000] {logging_mixin.py:188} INFO - [2025-08-05T12:02:54.356+0000] {dag.py:3047} INFO - Sync 1 DAGs
[2025-08-05T12:02:54.378+0000] {logging_mixin.py:188} INFO - [2025-08-05T12:02:54.377+0000] {dag.py:3834} INFO - Setting next_dagrun for customer_metrics to 2025-08-04 00:00:00+00:00, run_after=2025-08-05 00:00:00+00:00
[2025-08-05T12:02:54.393+0000] {processor.py:183} INFO - Processing /opt/airflow/dags/customer_metrics.py took 0.070 seconds
[2025-08-05T12:03:24.612+0000] {processor.py:161} INFO - Started process (PID=3587) to work on /opt/airflow/dags/customer_metrics.py
[2025-08-05T12:03:24.614+0000] {processor.py:830} INFO - Processing file /opt/airflow/dags/customer_metrics.py for tasks to queue
[2025-08-05T12:03:24.614+0000] {logging_mixin.py:188} INFO - [2025-08-05T12:03:24.614+0000] {dagbag.py:540} INFO - Filling up the DagBag from /opt/airflow/dags/customer_metrics.py
[2025-08-05T12:03:24.622+0000] {processor.py:840} INFO - DAG(s) 'customer_metrics' retrieved from /opt/airflow/dags/customer_metrics.py
[2025-08-05T12:03:24.643+0000] {logging_mixin.py:188} INFO - [2025-08-05T12:03:24.643+0000] {dag.py:3047} INFO - Sync 1 DAGs
[2025-08-05T12:03:24.665+0000] {logging_mixin.py:188} INFO - [2025-08-05T12:03:24.665+0000] {dag.py:3834} INFO - Setting next_dagrun for customer_metrics to 2025-08-04 00:00:00+00:00, run_after=2025-08-05 00:00:00+00:00
[2025-08-05T12:03:24.682+0000] {processor.py:183} INFO - Processing /opt/airflow/dags/customer_metrics.py took 0.072 seconds
[2025-08-05T12:03:54.905+0000] {processor.py:161} INFO - Started process (PID=3603) to work on /opt/airflow/dags/customer_metrics.py
[2025-08-05T12:03:54.906+0000] {processor.py:830} INFO - Processing file /opt/airflow/dags/customer_metrics.py for tasks to queue
[2025-08-05T12:03:54.907+0000] {logging_mixin.py:188} INFO - [2025-08-05T12:03:54.906+0000] {dagbag.py:540} INFO - Filling up the DagBag from /opt/airflow/dags/customer_metrics.py
[2025-08-05T12:03:54.915+0000] {processor.py:840} INFO - DAG(s) 'customer_metrics' retrieved from /opt/airflow/dags/customer_metrics.py
[2025-08-05T12:03:54.936+0000] {logging_mixin.py:188} INFO - [2025-08-05T12:03:54.935+0000] {dag.py:3047} INFO - Sync 1 DAGs
[2025-08-05T12:03:54.959+0000] {logging_mixin.py:188} INFO - [2025-08-05T12:03:54.959+0000] {dag.py:3834} INFO - Setting next_dagrun for customer_metrics to 2025-08-04 00:00:00+00:00, run_after=2025-08-05 00:00:00+00:00
[2025-08-05T12:03:54.976+0000] {processor.py:183} INFO - Processing /opt/airflow/dags/customer_metrics.py took 0.073 seconds
[2025-08-05T12:04:25.187+0000] {processor.py:161} INFO - Started process (PID=3619) to work on /opt/airflow/dags/customer_metrics.py
[2025-08-05T12:04:25.189+0000] {processor.py:830} INFO - Processing file /opt/airflow/dags/customer_metrics.py for tasks to queue
[2025-08-05T12:04:25.190+0000] {logging_mixin.py:188} INFO - [2025-08-05T12:04:25.189+0000] {dagbag.py:540} INFO - Filling up the DagBag from /opt/airflow/dags/customer_metrics.py
[2025-08-05T12:04:25.198+0000] {processor.py:840} INFO - DAG(s) 'customer_metrics' retrieved from /opt/airflow/dags/customer_metrics.py
[2025-08-05T12:04:25.221+0000] {logging_mixin.py:188} INFO - [2025-08-05T12:04:25.221+0000] {dag.py:3047} INFO - Sync 1 DAGs
[2025-08-05T12:04:25.242+0000] {logging_mixin.py:188} INFO - [2025-08-05T12:04:25.242+0000] {dag.py:3834} INFO - Setting next_dagrun for customer_metrics to 2025-08-04 00:00:00+00:00, run_after=2025-08-05 00:00:00+00:00
[2025-08-05T12:04:25.258+0000] {processor.py:183} INFO - Processing /opt/airflow/dags/customer_metrics.py took 0.073 seconds
[2025-08-05T12:04:55.483+0000] {processor.py:161} INFO - Started process (PID=3635) to work on /opt/airflow/dags/customer_metrics.py
[2025-08-05T12:04:55.484+0000] {processor.py:830} INFO - Processing file /opt/airflow/dags/customer_metrics.py for tasks to queue
[2025-08-05T12:04:55.485+0000] {logging_mixin.py:188} INFO - [2025-08-05T12:04:55.484+0000] {dagbag.py:540} INFO - Filling up the DagBag from /opt/airflow/dags/customer_metrics.py
[2025-08-05T12:04:55.492+0000] {processor.py:840} INFO - DAG(s) 'customer_metrics' retrieved from /opt/airflow/dags/customer_metrics.py
[2025-08-05T12:04:55.514+0000] {logging_mixin.py:188} INFO - [2025-08-05T12:04:55.514+0000] {dag.py:3047} INFO - Sync 1 DAGs
[2025-08-05T12:04:55.536+0000] {logging_mixin.py:188} INFO - [2025-08-05T12:04:55.536+0000] {dag.py:3834} INFO - Setting next_dagrun for customer_metrics to 2025-08-04 00:00:00+00:00, run_after=2025-08-05 00:00:00+00:00
[2025-08-05T12:04:55.552+0000] {processor.py:183} INFO - Processing /opt/airflow/dags/customer_metrics.py took 0.071 seconds
[2025-08-05T12:05:25.773+0000] {processor.py:161} INFO - Started process (PID=3651) to work on /opt/airflow/dags/customer_metrics.py
[2025-08-05T12:05:25.774+0000] {processor.py:830} INFO - Processing file /opt/airflow/dags/customer_metrics.py for tasks to queue
[2025-08-05T12:05:25.775+0000] {logging_mixin.py:188} INFO - [2025-08-05T12:05:25.774+0000] {dagbag.py:540} INFO - Filling up the DagBag from /opt/airflow/dags/customer_metrics.py
[2025-08-05T12:05:25.782+0000] {processor.py:840} INFO - DAG(s) 'customer_metrics' retrieved from /opt/airflow/dags/customer_metrics.py
[2025-08-05T12:05:25.803+0000] {logging_mixin.py:188} INFO - [2025-08-05T12:05:25.802+0000] {dag.py:3047} INFO - Sync 1 DAGs
[2025-08-05T12:05:25.824+0000] {logging_mixin.py:188} INFO - [2025-08-05T12:05:25.824+0000] {dag.py:3834} INFO - Setting next_dagrun for customer_metrics to 2025-08-04 00:00:00+00:00, run_after=2025-08-05 00:00:00+00:00
[2025-08-05T12:05:25.839+0000] {processor.py:183} INFO - Processing /opt/airflow/dags/customer_metrics.py took 0.068 seconds
[2025-08-05T12:05:56.082+0000] {processor.py:161} INFO - Started process (PID=3667) to work on /opt/airflow/dags/customer_metrics.py
[2025-08-05T12:05:56.085+0000] {processor.py:830} INFO - Processing file /opt/airflow/dags/customer_metrics.py for tasks to queue
[2025-08-05T12:05:56.087+0000] {logging_mixin.py:188} INFO - [2025-08-05T12:05:56.086+0000] {dagbag.py:540} INFO - Filling up the DagBag from /opt/airflow/dags/customer_metrics.py
[2025-08-05T12:05:56.103+0000] {processor.py:840} INFO - DAG(s) 'customer_metrics' retrieved from /opt/airflow/dags/customer_metrics.py
[2025-08-05T12:05:56.129+0000] {logging_mixin.py:188} INFO - [2025-08-05T12:05:56.129+0000] {dag.py:3047} INFO - Sync 1 DAGs
[2025-08-05T12:05:56.151+0000] {logging_mixin.py:188} INFO - [2025-08-05T12:05:56.151+0000] {dag.py:3834} INFO - Setting next_dagrun for customer_metrics to 2025-08-04 00:00:00+00:00, run_after=2025-08-05 00:00:00+00:00
[2025-08-05T12:05:56.168+0000] {processor.py:183} INFO - Processing /opt/airflow/dags/customer_metrics.py took 0.098 seconds
[2025-08-05T12:06:26.374+0000] {processor.py:161} INFO - Started process (PID=3683) to work on /opt/airflow/dags/customer_metrics.py
[2025-08-05T12:06:26.376+0000] {processor.py:830} INFO - Processing file /opt/airflow/dags/customer_metrics.py for tasks to queue
[2025-08-05T12:06:26.377+0000] {logging_mixin.py:188} INFO - [2025-08-05T12:06:26.376+0000] {dagbag.py:540} INFO - Filling up the DagBag from /opt/airflow/dags/customer_metrics.py
[2025-08-05T12:06:26.385+0000] {processor.py:840} INFO - DAG(s) 'customer_metrics' retrieved from /opt/airflow/dags/customer_metrics.py
[2025-08-05T12:06:26.407+0000] {logging_mixin.py:188} INFO - [2025-08-05T12:06:26.407+0000] {dag.py:3047} INFO - Sync 1 DAGs
[2025-08-05T12:06:26.429+0000] {logging_mixin.py:188} INFO - [2025-08-05T12:06:26.429+0000] {dag.py:3834} INFO - Setting next_dagrun for customer_metrics to 2025-08-04 00:00:00+00:00, run_after=2025-08-05 00:00:00+00:00
[2025-08-05T12:06:26.448+0000] {processor.py:183} INFO - Processing /opt/airflow/dags/customer_metrics.py took 0.076 seconds
[2025-08-05T12:06:56.699+0000] {processor.py:161} INFO - Started process (PID=3699) to work on /opt/airflow/dags/customer_metrics.py
[2025-08-05T12:06:56.702+0000] {processor.py:830} INFO - Processing file /opt/airflow/dags/customer_metrics.py for tasks to queue
[2025-08-05T12:06:56.705+0000] {logging_mixin.py:188} INFO - [2025-08-05T12:06:56.704+0000] {dagbag.py:540} INFO - Filling up the DagBag from /opt/airflow/dags/customer_metrics.py
[2025-08-05T12:06:56.722+0000] {processor.py:840} INFO - DAG(s) 'customer_metrics' retrieved from /opt/airflow/dags/customer_metrics.py
[2025-08-05T12:06:56.745+0000] {logging_mixin.py:188} INFO - [2025-08-05T12:06:56.745+0000] {dag.py:3047} INFO - Sync 1 DAGs
[2025-08-05T12:06:56.767+0000] {logging_mixin.py:188} INFO - [2025-08-05T12:06:56.766+0000] {dag.py:3834} INFO - Setting next_dagrun for customer_metrics to 2025-08-04 00:00:00+00:00, run_after=2025-08-05 00:00:00+00:00
[2025-08-05T12:06:56.782+0000] {processor.py:183} INFO - Processing /opt/airflow/dags/customer_metrics.py took 0.094 seconds
[2025-08-05T12:07:27.012+0000] {processor.py:161} INFO - Started process (PID=3715) to work on /opt/airflow/dags/customer_metrics.py
[2025-08-05T12:07:27.016+0000] {processor.py:830} INFO - Processing file /opt/airflow/dags/customer_metrics.py for tasks to queue
[2025-08-05T12:07:27.020+0000] {logging_mixin.py:188} INFO - [2025-08-05T12:07:27.018+0000] {dagbag.py:540} INFO - Filling up the DagBag from /opt/airflow/dags/customer_metrics.py
[2025-08-05T12:07:27.037+0000] {processor.py:840} INFO - DAG(s) 'customer_metrics' retrieved from /opt/airflow/dags/customer_metrics.py
[2025-08-05T12:07:27.061+0000] {logging_mixin.py:188} INFO - [2025-08-05T12:07:27.061+0000] {dag.py:3047} INFO - Sync 1 DAGs
[2025-08-05T12:07:27.081+0000] {logging_mixin.py:188} INFO - [2025-08-05T12:07:27.081+0000] {dag.py:3834} INFO - Setting next_dagrun for customer_metrics to 2025-08-04 00:00:00+00:00, run_after=2025-08-05 00:00:00+00:00
[2025-08-05T12:07:27.098+0000] {processor.py:183} INFO - Processing /opt/airflow/dags/customer_metrics.py took 0.097 seconds
[2025-08-05T12:07:57.321+0000] {processor.py:161} INFO - Started process (PID=3731) to work on /opt/airflow/dags/customer_metrics.py
[2025-08-05T12:07:57.323+0000] {processor.py:830} INFO - Processing file /opt/airflow/dags/customer_metrics.py for tasks to queue
[2025-08-05T12:07:57.325+0000] {logging_mixin.py:188} INFO - [2025-08-05T12:07:57.324+0000] {dagbag.py:540} INFO - Filling up the DagBag from /opt/airflow/dags/customer_metrics.py
[2025-08-05T12:07:57.343+0000] {processor.py:840} INFO - DAG(s) 'customer_metrics' retrieved from /opt/airflow/dags/customer_metrics.py
[2025-08-05T12:07:57.369+0000] {logging_mixin.py:188} INFO - [2025-08-05T12:07:57.369+0000] {dag.py:3047} INFO - Sync 1 DAGs
[2025-08-05T12:07:57.393+0000] {logging_mixin.py:188} INFO - [2025-08-05T12:07:57.392+0000] {dag.py:3834} INFO - Setting next_dagrun for customer_metrics to 2025-08-04 00:00:00+00:00, run_after=2025-08-05 00:00:00+00:00
[2025-08-05T12:07:57.409+0000] {processor.py:183} INFO - Processing /opt/airflow/dags/customer_metrics.py took 0.097 seconds
[2025-08-05T12:08:27.607+0000] {processor.py:161} INFO - Started process (PID=3747) to work on /opt/airflow/dags/customer_metrics.py
[2025-08-05T12:08:27.609+0000] {processor.py:830} INFO - Processing file /opt/airflow/dags/customer_metrics.py for tasks to queue
[2025-08-05T12:08:27.610+0000] {logging_mixin.py:188} INFO - [2025-08-05T12:08:27.610+0000] {dagbag.py:540} INFO - Filling up the DagBag from /opt/airflow/dags/customer_metrics.py
[2025-08-05T12:08:27.620+0000] {processor.py:840} INFO - DAG(s) 'customer_metrics' retrieved from /opt/airflow/dags/customer_metrics.py
[2025-08-05T12:08:27.642+0000] {logging_mixin.py:188} INFO - [2025-08-05T12:08:27.642+0000] {dag.py:3047} INFO - Sync 1 DAGs
[2025-08-05T12:08:27.666+0000] {logging_mixin.py:188} INFO - [2025-08-05T12:08:27.665+0000] {dag.py:3834} INFO - Setting next_dagrun for customer_metrics to 2025-08-04 00:00:00+00:00, run_after=2025-08-05 00:00:00+00:00
[2025-08-05T12:08:27.680+0000] {processor.py:183} INFO - Processing /opt/airflow/dags/customer_metrics.py took 0.078 seconds
[2025-08-05T12:08:57.888+0000] {processor.py:161} INFO - Started process (PID=3763) to work on /opt/airflow/dags/customer_metrics.py
[2025-08-05T12:08:57.890+0000] {processor.py:830} INFO - Processing file /opt/airflow/dags/customer_metrics.py for tasks to queue
[2025-08-05T12:08:57.892+0000] {logging_mixin.py:188} INFO - [2025-08-05T12:08:57.891+0000] {dagbag.py:540} INFO - Filling up the DagBag from /opt/airflow/dags/customer_metrics.py
[2025-08-05T12:08:57.910+0000] {processor.py:840} INFO - DAG(s) 'customer_metrics' retrieved from /opt/airflow/dags/customer_metrics.py
[2025-08-05T12:08:57.938+0000] {logging_mixin.py:188} INFO - [2025-08-05T12:08:57.938+0000] {dag.py:3047} INFO - Sync 1 DAGs
[2025-08-05T12:08:57.960+0000] {logging_mixin.py:188} INFO - [2025-08-05T12:08:57.960+0000] {dag.py:3834} INFO - Setting next_dagrun for customer_metrics to 2025-08-04 00:00:00+00:00, run_after=2025-08-05 00:00:00+00:00
[2025-08-05T12:08:57.977+0000] {processor.py:183} INFO - Processing /opt/airflow/dags/customer_metrics.py took 0.099 seconds
[2025-08-05T12:09:28.202+0000] {processor.py:161} INFO - Started process (PID=3778) to work on /opt/airflow/dags/customer_metrics.py
[2025-08-05T12:09:28.203+0000] {processor.py:830} INFO - Processing file /opt/airflow/dags/customer_metrics.py for tasks to queue
[2025-08-05T12:09:28.204+0000] {logging_mixin.py:188} INFO - [2025-08-05T12:09:28.204+0000] {dagbag.py:540} INFO - Filling up the DagBag from /opt/airflow/dags/customer_metrics.py
[2025-08-05T12:09:28.214+0000] {processor.py:840} INFO - DAG(s) 'customer_metrics' retrieved from /opt/airflow/dags/customer_metrics.py
[2025-08-05T12:09:28.237+0000] {logging_mixin.py:188} INFO - [2025-08-05T12:09:28.236+0000] {dag.py:3047} INFO - Sync 1 DAGs
[2025-08-05T12:09:28.260+0000] {logging_mixin.py:188} INFO - [2025-08-05T12:09:28.260+0000] {dag.py:3834} INFO - Setting next_dagrun for customer_metrics to 2025-08-04 00:00:00+00:00, run_after=2025-08-05 00:00:00+00:00
[2025-08-05T12:09:28.276+0000] {processor.py:183} INFO - Processing /opt/airflow/dags/customer_metrics.py took 0.080 seconds
[2025-08-05T12:09:58.516+0000] {processor.py:161} INFO - Started process (PID=3794) to work on /opt/airflow/dags/customer_metrics.py
[2025-08-05T12:09:58.518+0000] {processor.py:830} INFO - Processing file /opt/airflow/dags/customer_metrics.py for tasks to queue
[2025-08-05T12:09:58.520+0000] {logging_mixin.py:188} INFO - [2025-08-05T12:09:58.519+0000] {dagbag.py:540} INFO - Filling up the DagBag from /opt/airflow/dags/customer_metrics.py
[2025-08-05T12:09:58.535+0000] {processor.py:840} INFO - DAG(s) 'customer_metrics' retrieved from /opt/airflow/dags/customer_metrics.py
[2025-08-05T12:09:58.560+0000] {logging_mixin.py:188} INFO - [2025-08-05T12:09:58.560+0000] {dag.py:3047} INFO - Sync 1 DAGs
[2025-08-05T12:09:58.581+0000] {logging_mixin.py:188} INFO - [2025-08-05T12:09:58.580+0000] {dag.py:3834} INFO - Setting next_dagrun for customer_metrics to 2025-08-04 00:00:00+00:00, run_after=2025-08-05 00:00:00+00:00
[2025-08-05T12:09:58.596+0000] {processor.py:183} INFO - Processing /opt/airflow/dags/customer_metrics.py took 0.091 seconds
[2025-08-05T12:10:28.839+0000] {processor.py:161} INFO - Started process (PID=3810) to work on /opt/airflow/dags/customer_metrics.py
[2025-08-05T12:10:28.841+0000] {processor.py:830} INFO - Processing file /opt/airflow/dags/customer_metrics.py for tasks to queue
[2025-08-05T12:10:28.843+0000] {logging_mixin.py:188} INFO - [2025-08-05T12:10:28.842+0000] {dagbag.py:540} INFO - Filling up the DagBag from /opt/airflow/dags/customer_metrics.py
[2025-08-05T12:10:28.860+0000] {processor.py:840} INFO - DAG(s) 'customer_metrics' retrieved from /opt/airflow/dags/customer_metrics.py
[2025-08-05T12:10:28.884+0000] {logging_mixin.py:188} INFO - [2025-08-05T12:10:28.884+0000] {dag.py:3047} INFO - Sync 1 DAGs
[2025-08-05T12:10:28.906+0000] {logging_mixin.py:188} INFO - [2025-08-05T12:10:28.906+0000] {dag.py:3834} INFO - Setting next_dagrun for customer_metrics to 2025-08-04 00:00:00+00:00, run_after=2025-08-05 00:00:00+00:00
[2025-08-05T12:10:28.923+0000] {processor.py:183} INFO - Processing /opt/airflow/dags/customer_metrics.py took 0.097 seconds
[2025-08-05T12:10:59.154+0000] {processor.py:161} INFO - Started process (PID=3826) to work on /opt/airflow/dags/customer_metrics.py
[2025-08-05T12:10:59.156+0000] {processor.py:830} INFO - Processing file /opt/airflow/dags/customer_metrics.py for tasks to queue
[2025-08-05T12:10:59.158+0000] {logging_mixin.py:188} INFO - [2025-08-05T12:10:59.157+0000] {dagbag.py:540} INFO - Filling up the DagBag from /opt/airflow/dags/customer_metrics.py
[2025-08-05T12:10:59.172+0000] {processor.py:840} INFO - DAG(s) 'customer_metrics' retrieved from /opt/airflow/dags/customer_metrics.py
[2025-08-05T12:10:59.197+0000] {logging_mixin.py:188} INFO - [2025-08-05T12:10:59.197+0000] {dag.py:3047} INFO - Sync 1 DAGs
[2025-08-05T12:10:59.222+0000] {logging_mixin.py:188} INFO - [2025-08-05T12:10:59.222+0000] {dag.py:3834} INFO - Setting next_dagrun for customer_metrics to 2025-08-04 00:00:00+00:00, run_after=2025-08-05 00:00:00+00:00
[2025-08-05T12:10:59.239+0000] {processor.py:183} INFO - Processing /opt/airflow/dags/customer_metrics.py took 0.094 seconds
[2025-08-05T12:11:29.465+0000] {processor.py:161} INFO - Started process (PID=3842) to work on /opt/airflow/dags/customer_metrics.py
[2025-08-05T12:11:29.466+0000] {processor.py:830} INFO - Processing file /opt/airflow/dags/customer_metrics.py for tasks to queue
[2025-08-05T12:11:29.467+0000] {logging_mixin.py:188} INFO - [2025-08-05T12:11:29.467+0000] {dagbag.py:540} INFO - Filling up the DagBag from /opt/airflow/dags/customer_metrics.py
[2025-08-05T12:11:29.475+0000] {processor.py:840} INFO - DAG(s) 'customer_metrics' retrieved from /opt/airflow/dags/customer_metrics.py
[2025-08-05T12:11:29.496+0000] {logging_mixin.py:188} INFO - [2025-08-05T12:11:29.496+0000] {dag.py:3047} INFO - Sync 1 DAGs
[2025-08-05T12:11:29.518+0000] {logging_mixin.py:188} INFO - [2025-08-05T12:11:29.518+0000] {dag.py:3834} INFO - Setting next_dagrun for customer_metrics to 2025-08-04 00:00:00+00:00, run_after=2025-08-05 00:00:00+00:00
[2025-08-05T12:11:29.534+0000] {processor.py:183} INFO - Processing /opt/airflow/dags/customer_metrics.py took 0.072 seconds
[2025-08-05T12:11:59.760+0000] {processor.py:161} INFO - Started process (PID=3858) to work on /opt/airflow/dags/customer_metrics.py
[2025-08-05T12:11:59.763+0000] {processor.py:830} INFO - Processing file /opt/airflow/dags/customer_metrics.py for tasks to queue
[2025-08-05T12:11:59.766+0000] {logging_mixin.py:188} INFO - [2025-08-05T12:11:59.765+0000] {dagbag.py:540} INFO - Filling up the DagBag from /opt/airflow/dags/customer_metrics.py
[2025-08-05T12:11:59.783+0000] {processor.py:840} INFO - DAG(s) 'customer_metrics' retrieved from /opt/airflow/dags/customer_metrics.py
[2025-08-05T12:11:59.808+0000] {logging_mixin.py:188} INFO - [2025-08-05T12:11:59.808+0000] {dag.py:3047} INFO - Sync 1 DAGs
[2025-08-05T12:11:59.830+0000] {logging_mixin.py:188} INFO - [2025-08-05T12:11:59.829+0000] {dag.py:3834} INFO - Setting next_dagrun for customer_metrics to 2025-08-04 00:00:00+00:00, run_after=2025-08-05 00:00:00+00:00
[2025-08-05T12:11:59.846+0000] {processor.py:183} INFO - Processing /opt/airflow/dags/customer_metrics.py took 0.097 seconds
[2025-08-05T12:12:30.075+0000] {processor.py:161} INFO - Started process (PID=3874) to work on /opt/airflow/dags/customer_metrics.py
[2025-08-05T12:12:30.079+0000] {processor.py:830} INFO - Processing file /opt/airflow/dags/customer_metrics.py for tasks to queue
[2025-08-05T12:12:30.081+0000] {logging_mixin.py:188} INFO - [2025-08-05T12:12:30.080+0000] {dagbag.py:540} INFO - Filling up the DagBag from /opt/airflow/dags/customer_metrics.py
[2025-08-05T12:12:30.100+0000] {processor.py:840} INFO - DAG(s) 'customer_metrics' retrieved from /opt/airflow/dags/customer_metrics.py
[2025-08-05T12:12:30.127+0000] {logging_mixin.py:188} INFO - [2025-08-05T12:12:30.126+0000] {dag.py:3047} INFO - Sync 1 DAGs
[2025-08-05T12:12:30.149+0000] {logging_mixin.py:188} INFO - [2025-08-05T12:12:30.148+0000] {dag.py:3834} INFO - Setting next_dagrun for customer_metrics to 2025-08-04 00:00:00+00:00, run_after=2025-08-05 00:00:00+00:00
[2025-08-05T12:12:30.167+0000] {processor.py:183} INFO - Processing /opt/airflow/dags/customer_metrics.py took 0.100 seconds
[2025-08-05T12:13:00.399+0000] {processor.py:161} INFO - Started process (PID=3890) to work on /opt/airflow/dags/customer_metrics.py
[2025-08-05T12:13:00.402+0000] {processor.py:830} INFO - Processing file /opt/airflow/dags/customer_metrics.py for tasks to queue
[2025-08-05T12:13:00.405+0000] {logging_mixin.py:188} INFO - [2025-08-05T12:13:00.404+0000] {dagbag.py:540} INFO - Filling up the DagBag from /opt/airflow/dags/customer_metrics.py
[2025-08-05T12:13:00.420+0000] {processor.py:840} INFO - DAG(s) 'customer_metrics' retrieved from /opt/airflow/dags/customer_metrics.py
[2025-08-05T12:13:00.446+0000] {logging_mixin.py:188} INFO - [2025-08-05T12:13:00.446+0000] {dag.py:3047} INFO - Sync 1 DAGs
[2025-08-05T12:13:00.467+0000] {logging_mixin.py:188} INFO - [2025-08-05T12:13:00.467+0000] {dag.py:3834} INFO - Setting next_dagrun for customer_metrics to 2025-08-04 00:00:00+00:00, run_after=2025-08-05 00:00:00+00:00
[2025-08-05T12:13:00.483+0000] {processor.py:183} INFO - Processing /opt/airflow/dags/customer_metrics.py took 0.094 seconds
[2025-08-05T12:13:30.719+0000] {processor.py:161} INFO - Started process (PID=3906) to work on /opt/airflow/dags/customer_metrics.py
[2025-08-05T12:13:30.722+0000] {processor.py:830} INFO - Processing file /opt/airflow/dags/customer_metrics.py for tasks to queue
[2025-08-05T12:13:30.723+0000] {logging_mixin.py:188} INFO - [2025-08-05T12:13:30.723+0000] {dagbag.py:540} INFO - Filling up the DagBag from /opt/airflow/dags/customer_metrics.py
[2025-08-05T12:13:30.739+0000] {processor.py:840} INFO - DAG(s) 'customer_metrics' retrieved from /opt/airflow/dags/customer_metrics.py
[2025-08-05T12:13:30.766+0000] {logging_mixin.py:188} INFO - [2025-08-05T12:13:30.765+0000] {dag.py:3047} INFO - Sync 1 DAGs
[2025-08-05T12:13:30.787+0000] {logging_mixin.py:188} INFO - [2025-08-05T12:13:30.787+0000] {dag.py:3834} INFO - Setting next_dagrun for customer_metrics to 2025-08-04 00:00:00+00:00, run_after=2025-08-05 00:00:00+00:00
[2025-08-05T12:13:30.803+0000] {processor.py:183} INFO - Processing /opt/airflow/dags/customer_metrics.py took 0.098 seconds
[2025-08-05T12:14:01.029+0000] {processor.py:161} INFO - Started process (PID=3922) to work on /opt/airflow/dags/customer_metrics.py
[2025-08-05T12:14:01.031+0000] {processor.py:830} INFO - Processing file /opt/airflow/dags/customer_metrics.py for tasks to queue
[2025-08-05T12:14:01.032+0000] {logging_mixin.py:188} INFO - [2025-08-05T12:14:01.032+0000] {dagbag.py:540} INFO - Filling up the DagBag from /opt/airflow/dags/customer_metrics.py
[2025-08-05T12:14:01.046+0000] {processor.py:840} INFO - DAG(s) 'customer_metrics' retrieved from /opt/airflow/dags/customer_metrics.py
[2025-08-05T12:14:01.072+0000] {logging_mixin.py:188} INFO - [2025-08-05T12:14:01.071+0000] {dag.py:3047} INFO - Sync 1 DAGs
[2025-08-05T12:14:01.096+0000] {logging_mixin.py:188} INFO - [2025-08-05T12:14:01.096+0000] {dag.py:3834} INFO - Setting next_dagrun for customer_metrics to 2025-08-04 00:00:00+00:00, run_after=2025-08-05 00:00:00+00:00
[2025-08-05T12:14:01.113+0000] {processor.py:183} INFO - Processing /opt/airflow/dags/customer_metrics.py took 0.096 seconds
[2025-08-05T12:14:31.307+0000] {processor.py:161} INFO - Started process (PID=3938) to work on /opt/airflow/dags/customer_metrics.py
[2025-08-05T12:14:31.308+0000] {processor.py:830} INFO - Processing file /opt/airflow/dags/customer_metrics.py for tasks to queue
[2025-08-05T12:14:31.309+0000] {logging_mixin.py:188} INFO - [2025-08-05T12:14:31.309+0000] {dagbag.py:540} INFO - Filling up the DagBag from /opt/airflow/dags/customer_metrics.py
[2025-08-05T12:14:31.320+0000] {processor.py:840} INFO - DAG(s) 'customer_metrics' retrieved from /opt/airflow/dags/customer_metrics.py
[2025-08-05T12:14:31.349+0000] {logging_mixin.py:188} INFO - [2025-08-05T12:14:31.349+0000] {dag.py:3047} INFO - Sync 1 DAGs
[2025-08-05T12:14:31.372+0000] {logging_mixin.py:188} INFO - [2025-08-05T12:14:31.372+0000] {dag.py:3834} INFO - Setting next_dagrun for customer_metrics to 2025-08-04 00:00:00+00:00, run_after=2025-08-05 00:00:00+00:00
[2025-08-05T12:14:31.388+0000] {processor.py:183} INFO - Processing /opt/airflow/dags/customer_metrics.py took 0.084 seconds
[2025-08-05T12:15:01.586+0000] {processor.py:161} INFO - Started process (PID=3954) to work on /opt/airflow/dags/customer_metrics.py
[2025-08-05T12:15:01.587+0000] {processor.py:830} INFO - Processing file /opt/airflow/dags/customer_metrics.py for tasks to queue
[2025-08-05T12:15:01.587+0000] {logging_mixin.py:188} INFO - [2025-08-05T12:15:01.587+0000] {dagbag.py:540} INFO - Filling up the DagBag from /opt/airflow/dags/customer_metrics.py
[2025-08-05T12:15:01.597+0000] {processor.py:840} INFO - DAG(s) 'customer_metrics' retrieved from /opt/airflow/dags/customer_metrics.py
[2025-08-05T12:15:01.622+0000] {logging_mixin.py:188} INFO - [2025-08-05T12:15:01.622+0000] {dag.py:3047} INFO - Sync 1 DAGs
[2025-08-05T12:15:01.645+0000] {logging_mixin.py:188} INFO - [2025-08-05T12:15:01.644+0000] {dag.py:3834} INFO - Setting next_dagrun for customer_metrics to 2025-08-04 00:00:00+00:00, run_after=2025-08-05 00:00:00+00:00
[2025-08-05T12:15:01.662+0000] {processor.py:183} INFO - Processing /opt/airflow/dags/customer_metrics.py took 0.078 seconds
[2025-08-05T12:15:31.897+0000] {processor.py:161} INFO - Started process (PID=3970) to work on /opt/airflow/dags/customer_metrics.py
[2025-08-05T12:15:31.900+0000] {processor.py:830} INFO - Processing file /opt/airflow/dags/customer_metrics.py for tasks to queue
[2025-08-05T12:15:31.903+0000] {logging_mixin.py:188} INFO - [2025-08-05T12:15:31.902+0000] {dagbag.py:540} INFO - Filling up the DagBag from /opt/airflow/dags/customer_metrics.py
[2025-08-05T12:15:31.919+0000] {processor.py:840} INFO - DAG(s) 'customer_metrics' retrieved from /opt/airflow/dags/customer_metrics.py
[2025-08-05T12:15:31.943+0000] {logging_mixin.py:188} INFO - [2025-08-05T12:15:31.943+0000] {dag.py:3047} INFO - Sync 1 DAGs
[2025-08-05T12:15:31.966+0000] {logging_mixin.py:188} INFO - [2025-08-05T12:15:31.965+0000] {dag.py:3834} INFO - Setting next_dagrun for customer_metrics to 2025-08-04 00:00:00+00:00, run_after=2025-08-05 00:00:00+00:00
[2025-08-05T12:15:31.982+0000] {processor.py:183} INFO - Processing /opt/airflow/dags/customer_metrics.py took 0.096 seconds
