[2025-08-20T21:14:19.898+0000] {taskinstance.py:1979} INFO - Dependencies all met for dep_context=non-requeueable deps ti=<TaskInstance: fraud_detection_pipeline.load_customer_transactions_raw manual__2025-08-20T21:14:06.011596+00:00 [queued]>
[2025-08-20T21:14:20.120+0000] {taskinstance.py:1979} INFO - Dependencies all met for dep_context=requeueable deps ti=<TaskInstance: fraud_detection_pipeline.load_customer_transactions_raw manual__2025-08-20T21:14:06.011596+00:00 [queued]>
[2025-08-20T21:14:20.121+0000] {taskinstance.py:2193} INFO - Starting attempt 1 of 1
[2025-08-20T21:14:20.169+0000] {taskinstance.py:2214} INFO - Executing <Task(AirbyteTriggerSyncOperator): load_customer_transactions_raw> on 2025-08-20 21:14:06.011596+00:00
[2025-08-20T21:14:20.179+0000] {standard_task_runner.py:60} INFO - Started process 1221 to run task
[2025-08-20T21:14:20.183+0000] {standard_task_runner.py:87} INFO - Running: ['airflow', 'tasks', 'run', 'fraud_detection_pipeline', 'load_customer_transactions_raw', 'manual__2025-08-20T21:14:06.011596+00:00', '--job-id', '108', '--raw', '--subdir', 'DAGS_FOLDER/fraud_detection_pipeline.py', '--cfg-path', '/tmp/tmpfhlpmnd1']
[2025-08-20T21:14:20.186+0000] {standard_task_runner.py:88} INFO - Job 108: Subtask load_customer_transactions_raw
[2025-08-20T21:14:20.259+0000] {task_command.py:423} INFO - Running <TaskInstance: fraud_detection_pipeline.load_customer_transactions_raw manual__2025-08-20T21:14:06.011596+00:00 [running]> on host f3fd0a28023e
[2025-08-20T21:14:20.381+0000] {taskinstance.py:2510} INFO - Exporting env vars: AIRFLOW_CTX_DAG_OWNER='airflow' AIRFLOW_CTX_DAG_ID='fraud_detection_pipeline' AIRFLOW_CTX_TASK_ID='load_customer_transactions_raw' AIRFLOW_CTX_EXECUTION_DATE='2025-08-20T21:14:06.011596+00:00' AIRFLOW_CTX_TRY_NUMBER='1' AIRFLOW_CTX_DAG_RUN_ID='manual__2025-08-20T21:14:06.011596+00:00'
[2025-08-20T21:14:20.397+0000] {base.py:83} INFO - Using connection ID 'airbyte' for task execution.
[2025-08-20T21:14:20.977+0000] {airbyte.py:86} INFO - Job 49 was submitted to Airbyte Server
[2025-08-20T21:14:20.978+0000] {airbyte.py:88} INFO - Waiting for job 49 to complete
[2025-08-20T21:14:23.994+0000] {base.py:83} INFO - Using connection ID 'airbyte' for task execution.
[2025-08-20T21:14:27.036+0000] {base.py:83} INFO - Using connection ID 'airbyte' for task execution.
[2025-08-20T21:14:30.074+0000] {base.py:83} INFO - Using connection ID 'airbyte' for task execution.
[2025-08-20T21:14:33.126+0000] {base.py:83} INFO - Using connection ID 'airbyte' for task execution.
[2025-08-20T21:14:36.189+0000] {base.py:83} INFO - Using connection ID 'airbyte' for task execution.
[2025-08-20T21:14:39.245+0000] {base.py:83} INFO - Using connection ID 'airbyte' for task execution.
[2025-08-20T21:14:42.274+0000] {base.py:83} INFO - Using connection ID 'airbyte' for task execution.
[2025-08-20T21:14:45.322+0000] {base.py:83} INFO - Using connection ID 'airbyte' for task execution.
[2025-08-20T21:14:48.389+0000] {base.py:83} INFO - Using connection ID 'airbyte' for task execution.
[2025-08-20T21:14:51.442+0000] {base.py:83} INFO - Using connection ID 'airbyte' for task execution.
[2025-08-20T21:14:54.468+0000] {base.py:83} INFO - Using connection ID 'airbyte' for task execution.
[2025-08-20T21:14:57.500+0000] {base.py:83} INFO - Using connection ID 'airbyte' for task execution.
[2025-08-20T21:15:00.541+0000] {base.py:83} INFO - Using connection ID 'airbyte' for task execution.
[2025-08-20T21:15:03.598+0000] {base.py:83} INFO - Using connection ID 'airbyte' for task execution.
[2025-08-20T21:15:03.613+0000] {airbyte.py:112} INFO - Job 49 completed successfully
[2025-08-20T21:15:03.653+0000] {taskinstance.py:1149} INFO - Marking task as SUCCESS. dag_id=fraud_detection_pipeline, task_id=load_customer_transactions_raw, execution_date=20250820T211406, start_date=20250820T211419, end_date=20250820T211503
[2025-08-20T21:15:03.707+0000] {local_task_job_runner.py:234} INFO - Task exited with return code 0
[2025-08-20T21:15:03.806+0000] {taskinstance.py:3309} INFO - 0 downstream tasks scheduled from follow-on schedule check
