[2025-08-20T22:54:46.759+0000] {taskinstance.py:1979} INFO - Dependencies all met for dep_context=non-requeueable deps ti=<TaskInstance: fraud_detection_pipeline.write_to_staging manual__2025-08-20T22:54:09.650436+00:00 [queued]>
[2025-08-20T22:54:46.912+0000] {taskinstance.py:1979} INFO - Dependencies all met for dep_context=requeueable deps ti=<TaskInstance: fraud_detection_pipeline.write_to_staging manual__2025-08-20T22:54:09.650436+00:00 [queued]>
[2025-08-20T22:54:46.913+0000] {taskinstance.py:2193} INFO - Starting attempt 1 of 1
[2025-08-20T22:54:46.929+0000] {taskinstance.py:2214} INFO - Executing <Task(AirbyteTriggerSyncOperator): write_to_staging> on 2025-08-20 22:54:09.650436+00:00
[2025-08-20T22:54:46.938+0000] {standard_task_runner.py:60} INFO - Started process 8581 to run task
[2025-08-20T22:54:46.941+0000] {standard_task_runner.py:87} INFO - Running: ['airflow', 'tasks', 'run', 'fraud_detection_pipeline', 'write_to_staging', 'manual__2025-08-20T22:54:09.650436+00:00', '--job-id', '116', '--raw', '--subdir', 'DAGS_FOLDER/fraud_detection_pipeline.py', '--cfg-path', '/tmp/tmpcnyyje_x']
[2025-08-20T22:54:46.943+0000] {standard_task_runner.py:88} INFO - Job 116: Subtask write_to_staging
[2025-08-20T22:54:46.990+0000] {task_command.py:423} INFO - Running <TaskInstance: fraud_detection_pipeline.write_to_staging manual__2025-08-20T22:54:09.650436+00:00 [running]> on host f3fd0a28023e
[2025-08-20T22:54:47.070+0000] {taskinstance.py:2510} INFO - Exporting env vars: AIRFLOW_CTX_DAG_OWNER='airflow' AIRFLOW_CTX_DAG_ID='fraud_detection_pipeline' AIRFLOW_CTX_TASK_ID='write_to_staging' AIRFLOW_CTX_EXECUTION_DATE='2025-08-20T22:54:09.650436+00:00' AIRFLOW_CTX_TRY_NUMBER='1' AIRFLOW_CTX_DAG_RUN_ID='manual__2025-08-20T22:54:09.650436+00:00'
[2025-08-20T22:54:47.080+0000] {base.py:83} INFO - Using connection ID 'airbyte' for task execution.
[2025-08-20T22:54:47.417+0000] {airbyte.py:86} INFO - Job 54 was submitted to Airbyte Server
[2025-08-20T22:54:47.417+0000] {airbyte.py:88} INFO - Waiting for job 54 to complete
[2025-08-20T22:54:50.429+0000] {base.py:83} INFO - Using connection ID 'airbyte' for task execution.
[2025-08-20T22:54:53.454+0000] {base.py:83} INFO - Using connection ID 'airbyte' for task execution.
[2025-08-20T22:54:56.477+0000] {base.py:83} INFO - Using connection ID 'airbyte' for task execution.
[2025-08-20T22:54:59.507+0000] {base.py:83} INFO - Using connection ID 'airbyte' for task execution.
[2025-08-20T22:55:02.542+0000] {base.py:83} INFO - Using connection ID 'airbyte' for task execution.
[2025-08-20T22:55:05.573+0000] {base.py:83} INFO - Using connection ID 'airbyte' for task execution.
[2025-08-20T22:55:08.630+0000] {base.py:83} INFO - Using connection ID 'airbyte' for task execution.
[2025-08-20T22:55:08.659+0000] {airbyte.py:112} INFO - Job 54 completed successfully
[2025-08-20T22:55:08.691+0000] {taskinstance.py:1149} INFO - Marking task as SUCCESS. dag_id=fraud_detection_pipeline, task_id=write_to_staging, execution_date=20250820T225409, start_date=20250820T225446, end_date=20250820T225508
[2025-08-20T22:55:08.733+0000] {local_task_job_runner.py:234} INFO - Task exited with return code 0
[2025-08-20T22:55:08.757+0000] {taskinstance.py:3309} INFO - 1 downstream tasks scheduled from follow-on schedule check
