[2025-08-20T21:15:40.216+0000] {taskinstance.py:1979} INFO - Dependencies all met for dep_context=non-requeueable deps ti=<TaskInstance: fraud_detection_pipeline.write_to_staging manual__2025-08-20T21:14:06.011596+00:00 [queued]>
[2025-08-20T21:15:40.469+0000] {taskinstance.py:1979} INFO - Dependencies all met for dep_context=requeueable deps ti=<TaskInstance: fraud_detection_pipeline.write_to_staging manual__2025-08-20T21:14:06.011596+00:00 [queued]>
[2025-08-20T21:15:40.470+0000] {taskinstance.py:2193} INFO - Starting attempt 1 of 1
[2025-08-20T21:15:40.501+0000] {taskinstance.py:2214} INFO - Executing <Task(AirbyteTriggerSyncOperator): write_to_staging> on 2025-08-20 21:14:06.011596+00:00
[2025-08-20T21:15:40.513+0000] {standard_task_runner.py:60} INFO - Started process 1362 to run task
[2025-08-20T21:15:40.518+0000] {standard_task_runner.py:87} INFO - Running: ['airflow', 'tasks', 'run', 'fraud_detection_pipeline', 'write_to_staging', 'manual__2025-08-20T21:14:06.011596+00:00', '--job-id', '110', '--raw', '--subdir', 'DAGS_FOLDER/fraud_detection_pipeline.py', '--cfg-path', '/tmp/tmpqn_byz0i']
[2025-08-20T21:15:40.521+0000] {standard_task_runner.py:88} INFO - Job 110: Subtask write_to_staging
[2025-08-20T21:15:40.608+0000] {task_command.py:423} INFO - Running <TaskInstance: fraud_detection_pipeline.write_to_staging manual__2025-08-20T21:14:06.011596+00:00 [running]> on host f3fd0a28023e
[2025-08-20T21:15:40.913+0000] {taskinstance.py:2510} INFO - Exporting env vars: AIRFLOW_CTX_DAG_OWNER='airflow' AIRFLOW_CTX_DAG_ID='fraud_detection_pipeline' AIRFLOW_CTX_TASK_ID='write_to_staging' AIRFLOW_CTX_EXECUTION_DATE='2025-08-20T21:14:06.011596+00:00' AIRFLOW_CTX_TRY_NUMBER='1' AIRFLOW_CTX_DAG_RUN_ID='manual__2025-08-20T21:14:06.011596+00:00'
[2025-08-20T21:15:40.955+0000] {base.py:83} INFO - Using connection ID 'airbyte' for task execution.
[2025-08-20T21:15:42.310+0000] {airbyte.py:86} INFO - Job 51 was submitted to Airbyte Server
[2025-08-20T21:15:42.311+0000] {airbyte.py:88} INFO - Waiting for job 51 to complete
[2025-08-20T21:15:45.327+0000] {base.py:83} INFO - Using connection ID 'airbyte' for task execution.
[2025-08-20T21:15:48.360+0000] {base.py:83} INFO - Using connection ID 'airbyte' for task execution.
[2025-08-20T21:15:51.404+0000] {base.py:83} INFO - Using connection ID 'airbyte' for task execution.
[2025-08-20T21:15:54.458+0000] {base.py:83} INFO - Using connection ID 'airbyte' for task execution.
[2025-08-20T21:15:57.496+0000] {base.py:83} INFO - Using connection ID 'airbyte' for task execution.
[2025-08-20T21:16:00.525+0000] {base.py:83} INFO - Using connection ID 'airbyte' for task execution.
[2025-08-20T21:16:03.570+0000] {base.py:83} INFO - Using connection ID 'airbyte' for task execution.
[2025-08-20T21:16:06.619+0000] {base.py:83} INFO - Using connection ID 'airbyte' for task execution.
[2025-08-20T21:16:06.638+0000] {airbyte.py:112} INFO - Job 51 completed successfully
[2025-08-20T21:16:06.676+0000] {taskinstance.py:1149} INFO - Marking task as SUCCESS. dag_id=fraud_detection_pipeline, task_id=write_to_staging, execution_date=20250820T211406, start_date=20250820T211540, end_date=20250820T211606
[2025-08-20T21:16:06.716+0000] {local_task_job_runner.py:234} INFO - Task exited with return code 0
[2025-08-20T21:16:06.752+0000] {taskinstance.py:3309} INFO - 1 downstream tasks scheduled from follow-on schedule check
