[2025-08-20T23:15:12.914+0000] {taskinstance.py:1979} INFO - Dependencies all met for dep_context=non-requeueable deps ti=<TaskInstance: fraud_detection_pipeline.write_to_staging manual__2025-08-20T23:14:29.235873+00:00 [queued]>
[2025-08-20T23:15:12.921+0000] {taskinstance.py:1979} INFO - Dependencies all met for dep_context=requeueable deps ti=<TaskInstance: fraud_detection_pipeline.write_to_staging manual__2025-08-20T23:14:29.235873+00:00 [queued]>
[2025-08-20T23:15:12.922+0000] {taskinstance.py:2193} INFO - Starting attempt 1 of 1
[2025-08-20T23:15:13.061+0000] {taskinstance.py:2214} INFO - Executing <Task(AirbyteTriggerSyncOperator): write_to_staging> on 2025-08-20 23:14:29.235873+00:00
[2025-08-20T23:15:13.068+0000] {standard_task_runner.py:60} INFO - Started process 10380 to run task
[2025-08-20T23:15:13.071+0000] {standard_task_runner.py:87} INFO - Running: ['airflow', 'tasks', 'run', 'fraud_detection_pipeline', 'write_to_staging', 'manual__2025-08-20T23:14:29.235873+00:00', '--job-id', '128', '--raw', '--subdir', 'DAGS_FOLDER/fraud_detection_pipeline.py', '--cfg-path', '/tmp/tmpf9nbdxtv']
[2025-08-20T23:15:13.072+0000] {standard_task_runner.py:88} INFO - Job 128: Subtask write_to_staging
[2025-08-20T23:15:13.120+0000] {task_command.py:423} INFO - Running <TaskInstance: fraud_detection_pipeline.write_to_staging manual__2025-08-20T23:14:29.235873+00:00 [running]> on host f3fd0a28023e
[2025-08-20T23:15:13.200+0000] {taskinstance.py:2510} INFO - Exporting env vars: AIRFLOW_CTX_DAG_OWNER='airflow' AIRFLOW_CTX_DAG_ID='fraud_detection_pipeline' AIRFLOW_CTX_TASK_ID='write_to_staging' AIRFLOW_CTX_EXECUTION_DATE='2025-08-20T23:14:29.235873+00:00' AIRFLOW_CTX_TRY_NUMBER='1' AIRFLOW_CTX_DAG_RUN_ID='manual__2025-08-20T23:14:29.235873+00:00'
[2025-08-20T23:15:13.211+0000] {base.py:83} INFO - Using connection ID 'airbyte' for task execution.
[2025-08-20T23:15:13.772+0000] {airbyte.py:86} INFO - Job 60 was submitted to Airbyte Server
[2025-08-20T23:15:13.772+0000] {airbyte.py:88} INFO - Waiting for job 60 to complete
[2025-08-20T23:15:16.787+0000] {base.py:83} INFO - Using connection ID 'airbyte' for task execution.
[2025-08-20T23:15:19.807+0000] {base.py:83} INFO - Using connection ID 'airbyte' for task execution.
[2025-08-20T23:15:22.844+0000] {base.py:83} INFO - Using connection ID 'airbyte' for task execution.
[2025-08-20T23:15:25.896+0000] {base.py:83} INFO - Using connection ID 'airbyte' for task execution.
[2025-08-20T23:15:28.930+0000] {base.py:83} INFO - Using connection ID 'airbyte' for task execution.
[2025-08-20T23:15:31.968+0000] {base.py:83} INFO - Using connection ID 'airbyte' for task execution.
[2025-08-20T23:15:31.997+0000] {airbyte.py:112} INFO - Job 60 completed successfully
[2025-08-20T23:15:32.071+0000] {taskinstance.py:1149} INFO - Marking task as SUCCESS. dag_id=fraud_detection_pipeline, task_id=write_to_staging, execution_date=20250820T231429, start_date=20250820T231512, end_date=20250820T231532
[2025-08-20T23:15:32.116+0000] {local_task_job_runner.py:234} INFO - Task exited with return code 0
[2025-08-20T23:15:32.158+0000] {taskinstance.py:3309} INFO - 1 downstream tasks scheduled from follow-on schedule check
