[2025-08-20T23:11:28.830+0000] {taskinstance.py:1979} INFO - Dependencies all met for dep_context=non-requeueable deps ti=<TaskInstance: fraud_detection_pipeline.write_to_staging manual__2025-08-20T23:10:49.867817+00:00 [queued]>
[2025-08-20T23:11:28.837+0000] {taskinstance.py:1979} INFO - Dependencies all met for dep_context=requeueable deps ti=<TaskInstance: fraud_detection_pipeline.write_to_staging manual__2025-08-20T23:10:49.867817+00:00 [queued]>
[2025-08-20T23:11:28.837+0000] {taskinstance.py:2193} INFO - Starting attempt 1 of 1
[2025-08-20T23:11:28.980+0000] {taskinstance.py:2214} INFO - Executing <Task(AirbyteTriggerSyncOperator): write_to_staging> on 2025-08-20 23:10:49.867817+00:00
[2025-08-20T23:11:28.986+0000] {standard_task_runner.py:60} INFO - Started process 9940 to run task
[2025-08-20T23:11:28.988+0000] {standard_task_runner.py:87} INFO - Running: ['airflow', 'tasks', 'run', 'fraud_detection_pipeline', 'write_to_staging', 'manual__2025-08-20T23:10:49.867817+00:00', '--job-id', '122', '--raw', '--subdir', 'DAGS_FOLDER/fraud_detection_pipeline.py', '--cfg-path', '/tmp/tmpu78xsxot']
[2025-08-20T23:11:28.990+0000] {standard_task_runner.py:88} INFO - Job 122: Subtask write_to_staging
[2025-08-20T23:11:29.031+0000] {task_command.py:423} INFO - Running <TaskInstance: fraud_detection_pipeline.write_to_staging manual__2025-08-20T23:10:49.867817+00:00 [running]> on host f3fd0a28023e
[2025-08-20T23:11:29.103+0000] {taskinstance.py:2510} INFO - Exporting env vars: AIRFLOW_CTX_DAG_OWNER='airflow' AIRFLOW_CTX_DAG_ID='fraud_detection_pipeline' AIRFLOW_CTX_TASK_ID='write_to_staging' AIRFLOW_CTX_EXECUTION_DATE='2025-08-20T23:10:49.867817+00:00' AIRFLOW_CTX_TRY_NUMBER='1' AIRFLOW_CTX_DAG_RUN_ID='manual__2025-08-20T23:10:49.867817+00:00'
[2025-08-20T23:11:29.112+0000] {base.py:83} INFO - Using connection ID 'airbyte' for task execution.
[2025-08-20T23:11:29.343+0000] {airbyte.py:86} INFO - Job 57 was submitted to Airbyte Server
[2025-08-20T23:11:29.343+0000] {airbyte.py:88} INFO - Waiting for job 57 to complete
[2025-08-20T23:11:32.358+0000] {base.py:83} INFO - Using connection ID 'airbyte' for task execution.
[2025-08-20T23:11:35.389+0000] {base.py:83} INFO - Using connection ID 'airbyte' for task execution.
[2025-08-20T23:11:38.431+0000] {base.py:83} INFO - Using connection ID 'airbyte' for task execution.
[2025-08-20T23:11:41.478+0000] {base.py:83} INFO - Using connection ID 'airbyte' for task execution.
[2025-08-20T23:11:44.506+0000] {base.py:83} INFO - Using connection ID 'airbyte' for task execution.
[2025-08-20T23:11:47.551+0000] {base.py:83} INFO - Using connection ID 'airbyte' for task execution.
[2025-08-20T23:11:47.576+0000] {airbyte.py:112} INFO - Job 57 completed successfully
[2025-08-20T23:11:47.607+0000] {taskinstance.py:1149} INFO - Marking task as SUCCESS. dag_id=fraud_detection_pipeline, task_id=write_to_staging, execution_date=20250820T231049, start_date=20250820T231128, end_date=20250820T231147
[2025-08-20T23:11:47.639+0000] {local_task_job_runner.py:234} INFO - Task exited with return code 0
[2025-08-20T23:11:47.663+0000] {taskinstance.py:3309} INFO - 1 downstream tasks scheduled from follow-on schedule check
